0 info it worked if it ends with ok
1 verbose cli [ 'C:\\Program Files\\nodejs\\node.exe',
1 verbose cli   'C:\\Program Files\\nodejs\\node_modules\\npm\\bin\\npm-cli.js',
1 verbose cli   'install' ]
2 info using npm@2.15.5
3 info using node@v4.4.5
4 verbose readDependencies loading dependencies from C:\Users\LuzerdGeruid\Desktop\Nodezi\NodeziPrueba\package.json
5 warn package.json nodezi@1.0.0 No repository field.
6 warn package.json nodezi@1.0.0 No README data
7 verbose install where, deps [ 'C:\\Users\\LuzerdGeruid\\Desktop\\Nodezi\\NodeziPrueba',
7 verbose install   [ 'react',
7 verbose install     'react-addons-css-transition-group',
7 verbose install     'react-addons-test-utils',
7 verbose install     'react-dom',
7 verbose install     'babel-core',
7 verbose install     'babel-loader',
7 verbose install     'babel-preset-es2015',
7 verbose install     'babel-preset-react',
7 verbose install     'classnames',
7 verbose install     'connect-history-api-fallback',
7 verbose install     'firebase',
7 verbose install     'gulp',
7 verbose install     'gulp-connect',
7 verbose install     'gulp-jade',
7 verbose install     'gulp-stylus',
7 verbose install     'jquery',
7 verbose install     'react-burger-menu',
7 verbose install     'react-motion',
7 verbose install     'react-responsive',
7 verbose install     'react-router',
7 verbose install     'react-swipeable-views',
7 verbose install     'reactfire',
7 verbose install     'webpack',
7 verbose install     'webpack-dev-server' ] ]
8 verbose install where, peers [ 'C:\\Users\\LuzerdGeruid\\Desktop\\Nodezi\\NodeziPrueba', [] ]
9 verbose installManyTop reading for lifecycle C:\Users\LuzerdGeruid\Desktop\Nodezi\NodeziPrueba\package.json
10 info preinstall nodezi@1.0.0
11 verbose installManyTop reading scoped package data from C:\Users\LuzerdGeruid\Desktop\Nodezi\NodeziPrueba\node_modules\babel-core\package.json
12 verbose installManyTop reading scoped package data from C:\Users\LuzerdGeruid\Desktop\Nodezi\NodeziPrueba\node_modules\babel-loader\package.json
13 verbose installManyTop reading scoped package data from C:\Users\LuzerdGeruid\Desktop\Nodezi\NodeziPrueba\node_modules\babel-preset-es2015\package.json
14 verbose installManyTop reading scoped package data from C:\Users\LuzerdGeruid\Desktop\Nodezi\NodeziPrueba\node_modules\babel-preset-react\package.json
15 verbose installManyTop reading scoped package data from C:\Users\LuzerdGeruid\Desktop\Nodezi\NodeziPrueba\node_modules\classnames\package.json
16 verbose installManyTop reading scoped package data from C:\Users\LuzerdGeruid\Desktop\Nodezi\NodeziPrueba\node_modules\connect-history-api-fallback\package.json
17 verbose installManyTop reading scoped package data from C:\Users\LuzerdGeruid\Desktop\Nodezi\NodeziPrueba\node_modules\firebase\package.json
18 verbose installManyTop reading scoped package data from C:\Users\LuzerdGeruid\Desktop\Nodezi\NodeziPrueba\node_modules\gulp\package.json
19 verbose installManyTop reading scoped package data from C:\Users\LuzerdGeruid\Desktop\Nodezi\NodeziPrueba\node_modules\gulp-connect\package.json
20 verbose installManyTop reading scoped package data from C:\Users\LuzerdGeruid\Desktop\Nodezi\NodeziPrueba\node_modules\gulp-jade\package.json
21 verbose installManyTop reading scoped package data from C:\Users\LuzerdGeruid\Desktop\Nodezi\NodeziPrueba\node_modules\gulp-stylus\package.json
22 verbose installManyTop reading scoped package data from C:\Users\LuzerdGeruid\Desktop\Nodezi\NodeziPrueba\node_modules\jquery\package.json
23 verbose installManyTop reading scoped package data from C:\Users\LuzerdGeruid\Desktop\Nodezi\NodeziPrueba\node_modules\react\package.json
24 verbose installManyTop reading scoped package data from C:\Users\LuzerdGeruid\Desktop\Nodezi\NodeziPrueba\node_modules\react-addons-css-transition-group\package.json
25 verbose installManyTop reading scoped package data from C:\Users\LuzerdGeruid\Desktop\Nodezi\NodeziPrueba\node_modules\react-addons-test-utils\package.json
26 verbose installManyTop reading scoped package data from C:\Users\LuzerdGeruid\Desktop\Nodezi\NodeziPrueba\node_modules\react-burger-menu\package.json
27 verbose installManyTop reading scoped package data from C:\Users\LuzerdGeruid\Desktop\Nodezi\NodeziPrueba\node_modules\react-dom\package.json
28 verbose installManyTop reading scoped package data from C:\Users\LuzerdGeruid\Desktop\Nodezi\NodeziPrueba\node_modules\react-motion\package.json
29 verbose installManyTop reading scoped package data from C:\Users\LuzerdGeruid\Desktop\Nodezi\NodeziPrueba\node_modules\react-responsive\package.json
30 verbose installManyTop reading scoped package data from C:\Users\LuzerdGeruid\Desktop\Nodezi\NodeziPrueba\node_modules\react-router\package.json
31 verbose installManyTop reading scoped package data from C:\Users\LuzerdGeruid\Desktop\Nodezi\NodeziPrueba\node_modules\react-swipeable-views\package.json
32 verbose installManyTop reading scoped package data from C:\Users\LuzerdGeruid\Desktop\Nodezi\NodeziPrueba\node_modules\reactfire\package.json
33 verbose installManyTop reading scoped package data from C:\Users\LuzerdGeruid\Desktop\Nodezi\NodeziPrueba\node_modules\webpack\package.json
34 verbose installManyTop reading scoped package data from C:\Users\LuzerdGeruid\Desktop\Nodezi\NodeziPrueba\node_modules\webpack-dev-server\package.json
35 info package.json firebase@3.0.5 No license field.
36 info package.json react-responsive@1.1.3 No license field.
37 verbose readDependencies loading dependencies from C:\Users\LuzerdGeruid\Desktop\Nodezi\NodeziPrueba\package.json
38 verbose targetResolver reading package data from C:\Users\LuzerdGeruid\Desktop\Nodezi\NodeziPrueba\node_modules\babel-core\package.json
39 verbose targetResolver reading package data from C:\Users\LuzerdGeruid\Desktop\Nodezi\NodeziPrueba\node_modules\babel-loader\package.json
40 verbose targetResolver reading package data from C:\Users\LuzerdGeruid\Desktop\Nodezi\NodeziPrueba\node_modules\babel-preset-es2015\package.json
41 verbose targetResolver reading package data from C:\Users\LuzerdGeruid\Desktop\Nodezi\NodeziPrueba\node_modules\babel-preset-react\package.json
42 verbose targetResolver reading package data from C:\Users\LuzerdGeruid\Desktop\Nodezi\NodeziPrueba\node_modules\classnames\package.json
43 verbose targetResolver reading package data from C:\Users\LuzerdGeruid\Desktop\Nodezi\NodeziPrueba\node_modules\connect-history-api-fallback\package.json
44 verbose targetResolver reading package data from C:\Users\LuzerdGeruid\Desktop\Nodezi\NodeziPrueba\node_modules\firebase\package.json
45 verbose targetResolver reading package data from C:\Users\LuzerdGeruid\Desktop\Nodezi\NodeziPrueba\node_modules\gulp\package.json
46 verbose targetResolver reading package data from C:\Users\LuzerdGeruid\Desktop\Nodezi\NodeziPrueba\node_modules\gulp-connect\package.json
47 verbose targetResolver reading package data from C:\Users\LuzerdGeruid\Desktop\Nodezi\NodeziPrueba\node_modules\gulp-jade\package.json
48 verbose targetResolver reading package data from C:\Users\LuzerdGeruid\Desktop\Nodezi\NodeziPrueba\node_modules\gulp-stylus\package.json
49 verbose targetResolver reading package data from C:\Users\LuzerdGeruid\Desktop\Nodezi\NodeziPrueba\node_modules\jquery\package.json
50 verbose targetResolver reading package data from C:\Users\LuzerdGeruid\Desktop\Nodezi\NodeziPrueba\node_modules\react\package.json
51 verbose targetResolver reading package data from C:\Users\LuzerdGeruid\Desktop\Nodezi\NodeziPrueba\node_modules\react-addons-css-transition-group\package.json
52 verbose targetResolver reading package data from C:\Users\LuzerdGeruid\Desktop\Nodezi\NodeziPrueba\node_modules\react-addons-test-utils\package.json
53 verbose targetResolver reading package data from C:\Users\LuzerdGeruid\Desktop\Nodezi\NodeziPrueba\node_modules\react-burger-menu\package.json
54 verbose targetResolver reading package data from C:\Users\LuzerdGeruid\Desktop\Nodezi\NodeziPrueba\node_modules\react-dom\package.json
55 verbose targetResolver reading package data from C:\Users\LuzerdGeruid\Desktop\Nodezi\NodeziPrueba\node_modules\react-motion\package.json
56 verbose targetResolver reading package data from C:\Users\LuzerdGeruid\Desktop\Nodezi\NodeziPrueba\node_modules\react-responsive\package.json
57 verbose targetResolver reading package data from C:\Users\LuzerdGeruid\Desktop\Nodezi\NodeziPrueba\node_modules\react-router\package.json
58 verbose targetResolver reading package data from C:\Users\LuzerdGeruid\Desktop\Nodezi\NodeziPrueba\node_modules\react-swipeable-views\package.json
59 verbose targetResolver reading package data from C:\Users\LuzerdGeruid\Desktop\Nodezi\NodeziPrueba\node_modules\reactfire\package.json
60 verbose targetResolver reading package data from C:\Users\LuzerdGeruid\Desktop\Nodezi\NodeziPrueba\node_modules\webpack\package.json
61 verbose targetResolver reading package data from C:\Users\LuzerdGeruid\Desktop\Nodezi\NodeziPrueba\node_modules\webpack-dev-server\package.json
62 verbose targetResolver reading package data from C:\Users\LuzerdGeruid\Desktop\Nodezi\NodeziPrueba\node_modules\.bin\gulp\package.json
63 verbose targetResolver reading package data from C:\Users\LuzerdGeruid\Desktop\Nodezi\NodeziPrueba\node_modules\.bin\gulp.cmd\package.json
64 verbose targetResolver reading package data from C:\Users\LuzerdGeruid\Desktop\Nodezi\NodeziPrueba\node_modules\.bin\webpack\package.json
65 verbose targetResolver reading package data from C:\Users\LuzerdGeruid\Desktop\Nodezi\NodeziPrueba\node_modules\.bin\webpack-dev-server\package.json
66 verbose targetResolver reading package data from C:\Users\LuzerdGeruid\Desktop\Nodezi\NodeziPrueba\node_modules\.bin\webpack-dev-server.cmd\package.json
67 verbose targetResolver reading package data from C:\Users\LuzerdGeruid\Desktop\Nodezi\NodeziPrueba\node_modules\.bin\webpack.cmd\package.json
68 verbose already installed skipping react@^15.1.0 C:\Users\LuzerdGeruid\Desktop\Nodezi\NodeziPrueba
69 verbose already installed skipping react-addons-css-transition-group@^15.2.0 C:\Users\LuzerdGeruid\Desktop\Nodezi\NodeziPrueba
70 verbose already installed skipping react-addons-test-utils@^15.2.0 C:\Users\LuzerdGeruid\Desktop\Nodezi\NodeziPrueba
71 verbose already installed skipping react-dom@^15.1.0 C:\Users\LuzerdGeruid\Desktop\Nodezi\NodeziPrueba
72 verbose already installed skipping babel-core@^6.9.1 C:\Users\LuzerdGeruid\Desktop\Nodezi\NodeziPrueba
73 verbose already installed skipping babel-loader@^6.2.4 C:\Users\LuzerdGeruid\Desktop\Nodezi\NodeziPrueba
74 verbose already installed skipping babel-preset-es2015@^6.9.0 C:\Users\LuzerdGeruid\Desktop\Nodezi\NodeziPrueba
75 verbose already installed skipping babel-preset-react@^6.5.0 C:\Users\LuzerdGeruid\Desktop\Nodezi\NodeziPrueba
76 verbose already installed skipping classnames@^2.2.5 C:\Users\LuzerdGeruid\Desktop\Nodezi\NodeziPrueba
77 verbose already installed skipping connect-history-api-fallback@^1.2.0 C:\Users\LuzerdGeruid\Desktop\Nodezi\NodeziPrueba
78 verbose already installed skipping firebase@^3.0.4 C:\Users\LuzerdGeruid\Desktop\Nodezi\NodeziPrueba
79 verbose already installed skipping gulp@^3.9.1 C:\Users\LuzerdGeruid\Desktop\Nodezi\NodeziPrueba
80 verbose already installed skipping gulp-connect@^4.1.0 C:\Users\LuzerdGeruid\Desktop\Nodezi\NodeziPrueba
81 verbose already installed skipping gulp-jade@^1.1.0 C:\Users\LuzerdGeruid\Desktop\Nodezi\NodeziPrueba
82 verbose already installed skipping gulp-stylus@^2.5.0 C:\Users\LuzerdGeruid\Desktop\Nodezi\NodeziPrueba
83 verbose already installed skipping jquery@^3.0.0 C:\Users\LuzerdGeruid\Desktop\Nodezi\NodeziPrueba
84 verbose already installed skipping react-burger-menu@^1.9.0 C:\Users\LuzerdGeruid\Desktop\Nodezi\NodeziPrueba
85 verbose already installed skipping react-motion@^0.4.4 C:\Users\LuzerdGeruid\Desktop\Nodezi\NodeziPrueba
86 verbose already installed skipping react-responsive@^1.1.3 C:\Users\LuzerdGeruid\Desktop\Nodezi\NodeziPrueba
87 verbose already installed skipping react-router@^2.4.1 C:\Users\LuzerdGeruid\Desktop\Nodezi\NodeziPrueba
88 verbose already installed skipping react-swipeable-views@^0.6.2 C:\Users\LuzerdGeruid\Desktop\Nodezi\NodeziPrueba
89 verbose already installed skipping reactfire@^1.0.0 C:\Users\LuzerdGeruid\Desktop\Nodezi\NodeziPrueba
90 verbose already installed skipping webpack@^1.13.1 C:\Users\LuzerdGeruid\Desktop\Nodezi\NodeziPrueba
91 verbose already installed skipping webpack-dev-server@^1.14.1 C:\Users\LuzerdGeruid\Desktop\Nodezi\NodeziPrueba
92 silly install resolved []
93 info build C:\Users\LuzerdGeruid\Desktop\Nodezi\NodeziPrueba
94 info linkStuff nodezi@1.0.0
95 silly linkStuff nodezi@1.0.0 has C:\Users\LuzerdGeruid\Desktop\Nodezi as its parent node_modules
96 verbose linkBins nodezi@1.0.0
97 verbose linkMans nodezi@1.0.0
98 verbose rebuildBundles nodezi@1.0.0
99 verbose rebuildBundles [ '.bin',
99 verbose rebuildBundles   'babel-core',
99 verbose rebuildBundles   'babel-loader',
99 verbose rebuildBundles   'babel-preset-es2015',
99 verbose rebuildBundles   'babel-preset-react',
99 verbose rebuildBundles   'classnames',
99 verbose rebuildBundles   'connect-history-api-fallback',
99 verbose rebuildBundles   'firebase',
99 verbose rebuildBundles   'gulp',
99 verbose rebuildBundles   'gulp-connect',
99 verbose rebuildBundles   'gulp-jade',
99 verbose rebuildBundles   'gulp-stylus',
99 verbose rebuildBundles   'jquery',
99 verbose rebuildBundles   'react',
99 verbose rebuildBundles   'react-addons-css-transition-group',
99 verbose rebuildBundles   'react-addons-test-utils',
99 verbose rebuildBundles   'react-burger-menu',
99 verbose rebuildBundles   'react-dom',
99 verbose rebuildBundles   'react-motion',
99 verbose rebuildBundles   'react-responsive',
99 verbose rebuildBundles   'react-router',
99 verbose rebuildBundles   'react-swipeable-views',
99 verbose rebuildBundles   'reactfire',
99 verbose rebuildBundles   'webpack',
99 verbose rebuildBundles   'webpack-dev-server' ]
100 info install nodezi@1.0.0
101 info postinstall nodezi@1.0.0
102 info prepublish nodezi@1.0.0
103 verbose validateInstall loading C:\Users\LuzerdGeruid\Desktop\Nodezi\NodeziPrueba\package.json for validation
104 verbose stack Error: The package react@15.1.0 does not satisfy its siblings' peerDependencies requirements!
104 verbose stack     at C:\Program Files\nodejs\node_modules\npm\lib\install.js:125:32
104 verbose stack     at C:\Program Files\nodejs\node_modules\npm\lib\install.js:268:7
104 verbose stack     at C:\Program Files\nodejs\node_modules\npm\node_modules\read-installed\read-installed.js:142:5
104 verbose stack     at C:\Program Files\nodejs\node_modules\npm\node_modules\read-installed\read-installed.js:263:14
104 verbose stack     at cb (C:\Program Files\nodejs\node_modules\npm\node_modules\slide\lib\async-map.js:47:24)
104 verbose stack     at C:\Program Files\nodejs\node_modules\npm\node_modules\read-installed\read-installed.js:263:14
104 verbose stack     at cb (C:\Program Files\nodejs\node_modules\npm\node_modules\slide\lib\async-map.js:47:24)
104 verbose stack     at C:\Program Files\nodejs\node_modules\npm\node_modules\read-installed\read-installed.js:263:14
104 verbose stack     at cb (C:\Program Files\nodejs\node_modules\npm\node_modules\slide\lib\async-map.js:47:24)
104 verbose stack     at C:\Program Files\nodejs\node_modules\npm\node_modules\read-installed\read-installed.js:263:14
105 verbose cwd C:\Users\LuzerdGeruid\Desktop\Nodezi\NodeziPrueba
106 error Windows_NT 10.0.10586
107 error argv "C:\\Program Files\\nodejs\\node.exe" "C:\\Program Files\\nodejs\\node_modules\\npm\\bin\\npm-cli.js" "install"
108 error node v4.4.5
109 error npm  v2.15.5
110 error code EPEERINVALID
111 error peerinvalid The package react@15.1.0 does not satisfy its siblings' peerDependencies requirements!
111 error peerinvalid Peer react-addons-css-transition-group@15.2.0 wants react@^15.2.0
111 error peerinvalid Peer react-addons-test-utils@15.2.0 wants react@^15.2.0
111 error peerinvalid Peer react-dom@15.1.0 wants react@^15.1.0
111 error peerinvalid Peer react-swipeable-views@0.6.2 wants react@^15.0.0 || ^0.14.0
111 error peerinvalid Peer reactfire@1.0.0 wants react@0.13.x || 0.14.x || 15.x.x
111 error peerinvalid Peer react-motion@0.4.4 wants react@>=0.13.2 || ^0.14 || ^15.0.0
111 error peerinvalid Peer react-responsive@1.1.3 wants react@^0.12.0 || ^0.13.0 || ^0.14.0 || ^15.0.0
111 error peerinvalid Peer react-router@2.5.1 wants react@^0.14.0 || ^15.0.0
112 verbose exit [ 1, true ]
